<?xml version="1.0" encoding="UTF-8"?>
<testng-results ignored="0" total="2" passed="2" failed="0" skipped="0">
  <reporter-output>
    <line>
      <![CDATA[LOG:INFO: Running Before class - Setting up browser ]]>
    </line>
    <line>
      <![CDATA[LOG:INFO : Starting test execution!!]]>
    </line>
    <line>
      <![CDATA[LOG:INFO : Starting test execution!!]]>
    </line>
    <line>
      <![CDATA[LOG:INFO: Running After class - Closing up browser ]]>
    </line>
  </reporter-output>
  <suite started-at="2023-12-04T13:16:25 IST" name="Suite" finished-at="2023-12-04T13:17:36 IST" duration-ms="71134">
    <groups>
    </groups>
    <test started-at="2023-12-04T13:16:25 IST" name="Test" finished-at="2023-12-04T13:17:36 IST" duration-ms="71134">
      <class name="mykademy.testCases.M001_LoginTest">
        <test-method is-config="true" signature="setUp()[pri:0, instance:mykademy.testCases.M001_LoginTest@545b995e]" started-at="2023-12-04T13:16:25 IST" name="setUp" finished-at="2023-12-04T13:16:30 IST" duration-ms="5755" status="PASS">
          <reporter-output>
            <line>
              <![CDATA[LOG:INFO: Running Before class - Setting up browser ]]>
            </line>
          </reporter-output>
        </test-method> <!-- setUp -->
        <test-method signature="loginTest(java.lang.String,java.lang.String)[pri:0, instance:mykademy.testCases.M001_LoginTest@545b995e]" started-at="2023-12-04T13:16:31 IST" name="loginTest" data-provider="TestData" finished-at="2023-12-04T13:17:06 IST" duration-ms="34995" status="PASS">
          <params>
            <param index="0">
              <value>
                <![CDATA[sumi.scaria@mykademy.com]]>
              </value>
            </param>
            <param index="1">
              <value>
                <![CDATA[Password@123]]>
              </value>
            </param>
          </params>
          <reporter-output>
            <line>
              <![CDATA[LOG:INFO : Starting test execution!!]]>
            </line>
          </reporter-output>
        </test-method> <!-- loginTest -->
        <test-method signature="loginTest(java.lang.String,java.lang.String)[pri:0, instance:mykademy.testCases.M001_LoginTest@545b995e]" started-at="2023-12-04T13:17:06 IST" name="loginTest" data-provider="TestData" finished-at="2023-12-04T13:17:35 IST" duration-ms="29261" status="PASS">
          <params>
            <param index="0">
              <value>
                <![CDATA[sumi.scaria@mykademy.com]]>
              </value>
            </param>
            <param index="1">
              <value>
                <![CDATA[Password@123]]>
              </value>
            </param>
          </params>
          <reporter-output>
            <line>
              <![CDATA[LOG:INFO : Starting test execution!!]]>
            </line>
          </reporter-output>
        </test-method> <!-- loginTest -->
        <test-method is-config="true" signature="tearDown()[pri:0, instance:mykademy.testCases.M001_LoginTest@545b995e]" started-at="2023-12-04T13:17:36 IST" name="tearDown" finished-at="2023-12-04T13:17:36 IST" duration-ms="237" status="PASS">
          <reporter-output>
            <line>
              <![CDATA[LOG:INFO: Running After class - Closing up browser ]]>
            </line>
          </reporter-output>
        </test-method> <!-- tearDown -->
      </class> <!-- mykademy.testCases.M001_LoginTest -->
    </test> <!-- Test -->
  </suite> <!-- Suite -->
</testng-results>
