<?xml version="1.0" encoding="UTF-8"?>
<testng-results ignored="0" total="1" passed="1" failed="0" skipped="0">
  <reporter-output>
    <line>
      <![CDATA[LOG:INFO: Running Before class - Setting up browser ]]>
    </line>
    <line>
      <![CDATA[LOG:INFO : Starting test execution!!]]>
    </line>
    <line>
      <![CDATA[LOG:INFO: Running After class - Closing up browser ]]>
    </line>
  </reporter-output>
  <suite started-at="2023-12-03T14:05:37 IST" name="Default suite" finished-at="2023-12-03T14:06:10 IST" duration-ms="32906">
    <groups>
    </groups>
    <test started-at="2023-12-03T14:05:37 IST" name="Default test" finished-at="2023-12-03T14:06:10 IST" duration-ms="32906">
      <class name="mykademy.testCases.M001_LoginTest">
        <test-method is-config="true" signature="setUp()[pri:0, instance:mykademy.testCases.M001_LoginTest@74ea2410]" started-at="2023-12-03T14:05:37 IST" name="setUp" finished-at="2023-12-03T14:05:44 IST" duration-ms="6826" status="PASS">
          <reporter-output>
            <line>
              <![CDATA[LOG:INFO: Running Before class - Setting up browser ]]>
            </line>
          </reporter-output>
        </test-method> <!-- setUp -->
        <test-method signature="loginTest()[pri:0, instance:mykademy.testCases.M001_LoginTest@74ea2410]" started-at="2023-12-03T14:05:44 IST" name="loginTest" finished-at="2023-12-03T14:06:10 IST" duration-ms="25710" status="PASS">
          <reporter-output>
            <line>
              <![CDATA[LOG:INFO : Starting test execution!!]]>
            </line>
          </reporter-output>
        </test-method> <!-- loginTest -->
        <test-method is-config="true" signature="tearDown()[pri:0, instance:mykademy.testCases.M001_LoginTest@74ea2410]" started-at="2023-12-03T14:06:10 IST" name="tearDown" finished-at="2023-12-03T14:06:10 IST" duration-ms="316" status="PASS">
          <reporter-output>
            <line>
              <![CDATA[LOG:INFO: Running After class - Closing up browser ]]>
            </line>
          </reporter-output>
        </test-method> <!-- tearDown -->
      </class> <!-- mykademy.testCases.M001_LoginTest -->
    </test> <!-- Default test -->
  </suite> <!-- Default suite -->
</testng-results>
