<?xml version="1.0" encoding="UTF-8"?>
<testng-results ignored="0" total="2" passed="2" failed="0" skipped="0">
  <reporter-output>
    <line>
      <![CDATA[LOG:INFO: Running Before class - Setting up browser ]]>
    </line>
    <line>
      <![CDATA[LOG:INFO : Starting test execution!!]]>
    </line>
    <line>
      <![CDATA[LOG:INFO : Starting test execution!!]]>
    </line>
    <line>
      <![CDATA[LOG:INFO: Running After class - Closing up browser ]]>
    </line>
  </reporter-output>
  <suite started-at="2023-12-04T11:06:10 IST" name="Default suite" finished-at="2023-12-04T11:07:16 IST" duration-ms="65717">
    <groups>
    </groups>
    <test started-at="2023-12-04T11:06:10 IST" name="Default test" finished-at="2023-12-04T11:07:16 IST" duration-ms="65717">
      <class name="mykademy.testCases.M001_LoginTest">
        <test-method is-config="true" signature="setUp()[pri:0, instance:mykademy.testCases.M001_LoginTest@8f2ef19]" started-at="2023-12-04T11:06:10 IST" name="setUp" finished-at="2023-12-04T11:06:16 IST" duration-ms="5828" status="PASS">
          <reporter-output>
            <line>
              <![CDATA[LOG:INFO: Running Before class - Setting up browser ]]>
            </line>
          </reporter-output>
        </test-method> <!-- setUp -->
        <test-method signature="loginTest(java.lang.String,java.lang.String)[pri:0, instance:mykademy.testCases.M001_LoginTest@8f2ef19]" started-at="2023-12-04T11:06:17 IST" name="loginTest" data-provider="TestData" finished-at="2023-12-04T11:06:48 IST" duration-ms="30911" status="PASS">
          <params>
            <param index="0">
              <value>
                <![CDATA[sumi.scaria@mykademy.com]]>
              </value>
            </param>
            <param index="1">
              <value>
                <![CDATA[Password@123]]>
              </value>
            </param>
          </params>
          <reporter-output>
            <line>
              <![CDATA[LOG:INFO : Starting test execution!!]]>
            </line>
          </reporter-output>
        </test-method> <!-- loginTest -->
        <test-method signature="loginTest(java.lang.String,java.lang.String)[pri:0, instance:mykademy.testCases.M001_LoginTest@8f2ef19]" started-at="2023-12-04T11:06:48 IST" name="loginTest" data-provider="TestData" finished-at="2023-12-04T11:07:16 IST" duration-ms="28196" status="PASS">
          <params>
            <param index="0">
              <value>
                <![CDATA[sumi.scaria@mykademy.com]]>
              </value>
            </param>
            <param index="1">
              <value>
                <![CDATA[Password@123]]>
              </value>
            </param>
          </params>
          <reporter-output>
            <line>
              <![CDATA[LOG:INFO : Starting test execution!!]]>
            </line>
          </reporter-output>
        </test-method> <!-- loginTest -->
        <test-method is-config="true" signature="tearDown()[pri:0, instance:mykademy.testCases.M001_LoginTest@8f2ef19]" started-at="2023-12-04T11:07:16 IST" name="tearDown" finished-at="2023-12-04T11:07:16 IST" duration-ms="211" status="PASS">
          <reporter-output>
            <line>
              <![CDATA[LOG:INFO: Running After class - Closing up browser ]]>
            </line>
          </reporter-output>
        </test-method> <!-- tearDown -->
      </class> <!-- mykademy.testCases.M001_LoginTest -->
    </test> <!-- Default test -->
  </suite> <!-- Default suite -->
</testng-results>
